C:\C++PROJECTS\STUDY\DLL\GENERATEDLL\GENERATEDLL\RELEASE\DLLFILE.OBJ
C:\C++PROJECTS\STUDY\DLL\GENERATEDLL\GENERATEDLL\RELEASE\VC110.PDB
C:\C++Projects\study\DLL\generateDLL\generateDLL\Release\Release\generateDLL.lib
C:\C++Projects\study\DLL\generateDLL\generateDLL\Release\Release\generateDLL.exp
C:\C++PROJECTS\STUDY\DLL\GENERATEDLL\GENERATEDLL\RELEASE\RELEASE\GENERATEDLL.DLL
C:\C++PROJECTS\STUDY\DLL\GENERATEDLL\GENERATEDLL\RELEASE\RELEASE\GENERATEDLL.PDB
C:\C++Projects\study\DLL\generateDLL\generateDLL\Release\dllFile.obj
C:\C++Projects\study\DLL\generateDLL\generateDLL\Release\cl.command.1.tlog
C:\C++Projects\study\DLL\generateDLL\generateDLL\Release\CL.read.1.tlog
C:\C++Projects\study\DLL\generateDLL\generateDLL\Release\CL.write.1.tlog
C:\C++Projects\study\DLL\generateDLL\generateDLL\Release\generateDLL.write.1.tlog
C:\C++Projects\study\DLL\generateDLL\generateDLL\Release\link-cvtres.read.1.tlog
C:\C++Projects\study\DLL\generateDLL\generateDLL\Release\link-cvtres.write.1.tlog
C:\C++Projects\study\DLL\generateDLL\generateDLL\Release\link-rc.read.1.tlog
C:\C++Projects\study\DLL\generateDLL\generateDLL\Release\link-rc.write.1.tlog
C:\C++Projects\study\DLL\generateDLL\generateDLL\Release\link.command.1.tlog
C:\C++Projects\study\DLL\generateDLL\generateDLL\Release\link.read.1.tlog
C:\C++Projects\study\DLL\generateDLL\generateDLL\Release\link.write.1.tlog
C:\C++Projects\study\DLL\generateDLL\generateDLL\Release\vc110.pdb
C:\C++Projects\study\DLL\generateDLL\generateDLL\.\Release\Release\generateDLL.dll
