C:\C++PROJECTS\STUDY\DLL\USEDLL\USEDLL\RELEASE\STDAFX.OBJ
C:\C++PROJECTS\STUDY\DLL\USEDLL\USEDLL\RELEASE\RELEASE\USEDLL.EXE
C:\C++PROJECTS\STUDY\DLL\USEDLL\USEDLL\RELEASE\RELEASE\USEDLL.PDB
C:\C++PROJECTS\STUDY\DLL\USEDLL\USEDLL\RELEASE\USEDLL.RES
C:\C++Projects\study\DLL\useDLL\useDLL\Release\stdafx.obj
C:\C++Projects\study\DLL\useDLL\useDLL\Release\useDLL.obj
C:\C++Projects\study\DLL\useDLL\useDLL\Release\cl.command.1.tlog
C:\C++Projects\study\DLL\useDLL\useDLL\Release\CL.read.1.tlog
C:\C++Projects\study\DLL\useDLL\useDLL\Release\CL.write.1.tlog
C:\C++Projects\study\DLL\useDLL\useDLL\Release\link-cvtres.read.1.tlog
C:\C++Projects\study\DLL\useDLL\useDLL\Release\link-cvtres.write.1.tlog
C:\C++Projects\study\DLL\useDLL\useDLL\Release\link-rc.read.1.tlog
C:\C++Projects\study\DLL\useDLL\useDLL\Release\link-rc.write.1.tlog
C:\C++Projects\study\DLL\useDLL\useDLL\Release\link.command.1.tlog
C:\C++Projects\study\DLL\useDLL\useDLL\Release\link.read.1.tlog
C:\C++Projects\study\DLL\useDLL\useDLL\Release\link.write.1.tlog
C:\C++Projects\study\DLL\useDLL\useDLL\Release\rc.command.1.tlog
C:\C++Projects\study\DLL\useDLL\useDLL\Release\rc.read.1.tlog
C:\C++Projects\study\DLL\useDLL\useDLL\Release\rc.write.1.tlog
C:\C++Projects\study\DLL\useDLL\useDLL\Release\useDLL.res
C:\C++Projects\study\DLL\useDLL\useDLL\Release\vc110.pdb
C:\C++Projects\study\DLL\useDLL\useDLL\.\Release\Release\useDLL.exe
